\BOOKMARK [0][-]{chapter.1}{\376\377\0001\000\040\000N\000a\000m\000e\000s\000p\000a\000c\000e\000\040\000I\000n\000d\000e\000x}{}% 1
\BOOKMARK [1][-]{section.1.1}{\376\377\0001\000.\0001\000\040\000P\000a\000c\000k\000a\000g\000e\000s}{chapter.1}% 2
\BOOKMARK [0][-]{chapter.2}{\376\377\0002\000\040\000H\000i\000e\000r\000a\000r\000c\000h\000i\000c\000a\000l\000\040\000I\000n\000d\000e\000x}{}% 3
\BOOKMARK [1][-]{section.2.1}{\376\377\0002\000.\0001\000\040\000C\000l\000a\000s\000s\000\040\000H\000i\000e\000r\000a\000r\000c\000h\000y}{chapter.2}% 4
\BOOKMARK [0][-]{chapter.3}{\376\377\0003\000\040\000C\000l\000a\000s\000s\000\040\000I\000n\000d\000e\000x}{}% 5
\BOOKMARK [1][-]{section.3.1}{\376\377\0003\000.\0001\000\040\000C\000l\000a\000s\000s\000\040\000L\000i\000s\000t}{chapter.3}% 6
\BOOKMARK [0][-]{chapter.4}{\376\377\0004\000\040\000F\000i\000l\000e\000\040\000I\000n\000d\000e\000x}{}% 7
\BOOKMARK [1][-]{section.4.1}{\376\377\0004\000.\0001\000\040\000F\000i\000l\000e\000\040\000L\000i\000s\000t}{chapter.4}% 8
\BOOKMARK [0][-]{chapter.5}{\376\377\0005\000\040\000N\000a\000m\000e\000s\000p\000a\000c\000e\000\040\000D\000o\000c\000u\000m\000e\000n\000t\000a\000t\000i\000o\000n}{}% 9
\BOOKMARK [1][-]{section.5.1}{\376\377\0005\000.\0001\000\040\000P\000a\000c\000k\000a\000g\000e\000\040\000e\000s\000.\000u\000l\000l\000.\000e\000s\000i\000t\000.\000u\000t\000i\000l\000i\000t\000i\000e\000s}{chapter.5}% 10
\BOOKMARK [1][-]{section.5.2}{\376\377\0005\000.\0002\000\040\000P\000a\000c\000k\000a\000g\000e\000\040\000e\000s\000.\000u\000l\000l\000.\000e\000s\000i\000t\000.\000u\000t\000i\000l\000s}{chapter.5}% 11
\BOOKMARK [1][-]{section.5.3}{\376\377\0005\000.\0003\000\040\000P\000a\000c\000k\000a\000g\000e\000\040\000t\000o\000p}{chapter.5}% 12
\BOOKMARK [0][-]{chapter.6}{\376\377\0006\000\040\000C\000l\000a\000s\000s\000\040\000D\000o\000c\000u\000m\000e\000n\000t\000a\000t\000i\000o\000n}{}% 13
\BOOKMARK [1][-]{section.6.1}{\376\377\0006\000.\0001\000\040\000e\000s\000.\000u\000l\000l\000.\000e\000s\000i\000t\000.\000u\000t\000i\000l\000i\000t\000i\000e\000s\000.\000B\000e\000l\000l\000m\000a\000n\000F\000o\000r\000d\000\040\000C\000l\000a\000s\000s\000\040\000R\000e\000f\000e\000r\000e\000n\000c\000e}{chapter.6}% 14
\BOOKMARK [2][-]{subsection.6.1.1}{\376\377\0006\000.\0001\000.\0001\000\040\000D\000e\000t\000a\000i\000l\000e\000d\000\040\000D\000e\000s\000c\000r\000i\000p\000t\000i\000o\000n}{section.6.1}% 15
\BOOKMARK [2][-]{subsection.6.1.2}{\376\377\0006\000.\0001\000.\0002\000\040\000C\000o\000n\000s\000t\000r\000u\000c\000t\000o\000r\000\040\000\046\000\040\000D\000e\000s\000t\000r\000u\000c\000t\000o\000r\000\040\000D\000o\000c\000u\000m\000e\000n\000t\000a\000t\000i\000o\000n}{section.6.1}% 16
\BOOKMARK [3][-]{subsubsection.6.1.2.1}{\376\377\0006\000.\0001\000.\0002\000.\0001\000\040\000B\000e\000l\000l\000m\000a\000n\000F\000o\000r\000d\000\050\000\051}{subsection.6.1.2}% 17
\BOOKMARK [2][-]{subsection.6.1.3}{\376\377\0006\000.\0001\000.\0003\000\040\000M\000e\000m\000b\000e\000r\000\040\000F\000u\000n\000c\000t\000i\000o\000n\000\040\000D\000o\000c\000u\000m\000e\000n\000t\000a\000t\000i\000o\000n}{section.6.1}% 18
\BOOKMARK [3][-]{subsubsection.6.1.3.1}{\376\377\0006\000.\0001\000.\0003\000.\0001\000\040\000g\000e\000t\000D\000i\000s\000t\000a\000n\000c\000e\000s\000\050\000\051}{subsection.6.1.3}% 19
\BOOKMARK [3][-]{subsubsection.6.1.3.2}{\376\377\0006\000.\0001\000.\0003\000.\0002\000\040\000g\000e\000t\000V\000a\000l\000u\000e\000\050\000\051}{subsection.6.1.3}% 20
\BOOKMARK [3][-]{subsubsection.6.1.3.3}{\376\377\0006\000.\0001\000.\0003\000.\0003\000\040\000s\000o\000l\000v\000e\000\050\000\051}{subsection.6.1.3}% 21
\BOOKMARK [1][-]{section.6.2}{\376\377\0006\000.\0002\000\040\000e\000s\000.\000u\000l\000l\000.\000e\000s\000i\000t\000.\000u\000t\000i\000l\000i\000t\000i\000e\000s\000.\000E\000x\000p\000o\000s\000i\000t\000o\000U\000t\000i\000l\000i\000t\000i\000e\000s\000\040\000C\000l\000a\000s\000s\000\040\000R\000e\000f\000e\000r\000e\000n\000c\000e}{chapter.6}% 22
\BOOKMARK [2][-]{subsection.6.2.1}{\376\377\0006\000.\0002\000.\0001\000\040\000D\000e\000t\000a\000i\000l\000e\000d\000\040\000D\000e\000s\000c\000r\000i\000p\000t\000i\000o\000n}{section.6.2}% 23
\BOOKMARK [2][-]{subsection.6.2.2}{\376\377\0006\000.\0002\000.\0002\000\040\000M\000e\000m\000b\000e\000r\000\040\000F\000u\000n\000c\000t\000i\000o\000n\000\040\000D\000o\000c\000u\000m\000e\000n\000t\000a\000t\000i\000o\000n}{section.6.2}% 24
\BOOKMARK [3][-]{subsubsection.6.2.2.1}{\376\377\0006\000.\0002\000.\0002\000.\0001\000\040\000g\000e\000t\000F\000o\000r\000m\000a\000t\000\050\000\051\000\040\000[\0001\000/\0001\0002\000]}{subsection.6.2.2}% 25
\BOOKMARK [3][-]{subsubsection.6.2.2.2}{\376\377\0006\000.\0002\000.\0002\000.\0002\000\040\000g\000e\000t\000F\000o\000r\000m\000a\000t\000\050\000\051\000\040\000[\0002\000/\0001\0002\000]}{subsection.6.2.2}% 26
\BOOKMARK [3][-]{subsubsection.6.2.2.3}{\376\377\0006\000.\0002\000.\0002\000.\0003\000\040\000g\000e\000t\000F\000o\000r\000m\000a\000t\000\050\000\051\000\040\000[\0003\000/\0001\0002\000]}{subsection.6.2.2}% 27
\BOOKMARK [3][-]{subsubsection.6.2.2.4}{\376\377\0006\000.\0002\000.\0002\000.\0004\000\040\000g\000e\000t\000F\000o\000r\000m\000a\000t\000\050\000\051\000\040\000[\0004\000/\0001\0002\000]}{subsection.6.2.2}% 28
\BOOKMARK [3][-]{subsubsection.6.2.2.5}{\376\377\0006\000.\0002\000.\0002\000.\0005\000\040\000g\000e\000t\000F\000o\000r\000m\000a\000t\000\050\000\051\000\040\000[\0005\000/\0001\0002\000]}{subsection.6.2.2}% 29
\BOOKMARK [3][-]{subsubsection.6.2.2.6}{\376\377\0006\000.\0002\000.\0002\000.\0006\000\040\000g\000e\000t\000F\000o\000r\000m\000a\000t\000\050\000\051\000\040\000[\0006\000/\0001\0002\000]}{subsection.6.2.2}% 30
\BOOKMARK [3][-]{subsubsection.6.2.2.7}{\376\377\0006\000.\0002\000.\0002\000.\0007\000\040\000g\000e\000t\000F\000o\000r\000m\000a\000t\000\050\000\051\000\040\000[\0007\000/\0001\0002\000]}{subsection.6.2.2}% 31
\BOOKMARK [3][-]{subsubsection.6.2.2.8}{\376\377\0006\000.\0002\000.\0002\000.\0008\000\040\000g\000e\000t\000F\000o\000r\000m\000a\000t\000\050\000\051\000\040\000[\0008\000/\0001\0002\000]}{subsection.6.2.2}% 32
\BOOKMARK [3][-]{subsubsection.6.2.2.9}{\376\377\0006\000.\0002\000.\0002\000.\0009\000\040\000g\000e\000t\000F\000o\000r\000m\000a\000t\000\050\000\051\000\040\000[\0009\000/\0001\0002\000]}{subsection.6.2.2}% 33
\BOOKMARK [3][-]{subsubsection.6.2.2.10}{\376\377\0006\000.\0002\000.\0002\000.\0001\0000\000\040\000g\000e\000t\000F\000o\000r\000m\000a\000t\000\050\000\051\000\040\000[\0001\0000\000/\0001\0002\000]}{subsection.6.2.2}% 34
\BOOKMARK [3][-]{subsubsection.6.2.2.11}{\376\377\0006\000.\0002\000.\0002\000.\0001\0001\000\040\000g\000e\000t\000F\000o\000r\000m\000a\000t\000\050\000\051\000\040\000[\0001\0001\000/\0001\0002\000]}{subsection.6.2.2}% 35
\BOOKMARK [3][-]{subsubsection.6.2.2.12}{\376\377\0006\000.\0002\000.\0002\000.\0001\0002\000\040\000g\000e\000t\000F\000o\000r\000m\000a\000t\000\050\000\051\000\040\000[\0001\0002\000/\0001\0002\000]}{subsection.6.2.2}% 36
\BOOKMARK [3][-]{subsubsection.6.2.2.13}{\376\377\0006\000.\0002\000.\0002\000.\0001\0003\000\040\000i\000s\000A\000c\000y\000c\000l\000i\000c\000\050\000\051}{subsection.6.2.2}% 37
\BOOKMARK [3][-]{subsubsection.6.2.2.14}{\376\377\0006\000.\0002\000.\0002\000.\0001\0004\000\040\000i\000s\000D\000o\000u\000b\000l\000e\000\050\000\051}{subsection.6.2.2}% 38
\BOOKMARK [3][-]{subsubsection.6.2.2.15}{\376\377\0006\000.\0002\000.\0002\000.\0001\0005\000\040\000i\000s\000I\000n\000t\000e\000g\000e\000r\000\050\000\051}{subsection.6.2.2}% 39
\BOOKMARK [3][-]{subsubsection.6.2.2.16}{\376\377\0006\000.\0002\000.\0002\000.\0001\0006\000\040\000m\000u\000l\000t\000i\000p\000l\000y\000M\000a\000t\000r\000i\000c\000e\000s\000\050\000\051}{subsection.6.2.2}% 40
\BOOKMARK [3][-]{subsubsection.6.2.2.17}{\376\377\0006\000.\0002\000.\0002\000.\0001\0007\000\040\000p\000r\000i\000n\000t\000F\000i\000l\000e\000\050\000\051}{subsection.6.2.2}% 41
\BOOKMARK [3][-]{subsubsection.6.2.2.18}{\376\377\0006\000.\0002\000.\0002\000.\0001\0008\000\040\000s\000i\000m\000p\000l\000i\000f\000y\000S\000t\000r\000i\000n\000g\000\050\000\051}{subsection.6.2.2}% 42
\BOOKMARK [3][-]{subsubsection.6.2.2.19}{\376\377\0006\000.\0002\000.\0002\000.\0001\0009\000\040\000t\000h\000e\000r\000e\000I\000s\000P\000a\000t\000h\000\050\000\051}{subsection.6.2.2}% 43
\BOOKMARK [3][-]{subsubsection.6.2.2.20}{\376\377\0006\000.\0002\000.\0002\000.\0002\0000\000\040\000w\000r\000i\000t\000e\000T\000e\000x\000t\000T\000o\000F\000i\000l\000e\000\050\000\051}{subsection.6.2.2}% 44
\BOOKMARK [2][-]{subsection.6.2.3}{\376\377\0006\000.\0002\000.\0003\000\040\000M\000e\000m\000b\000e\000r\000\040\000D\000a\000t\000a\000\040\000D\000o\000c\000u\000m\000e\000n\000t\000a\000t\000i\000o\000n}{section.6.2}% 45
\BOOKMARK [3][-]{subsubsection.6.2.3.1}{\376\377\0006\000.\0002\000.\0003\000.\0001\000\040\000A\000L\000I\000G\000N\000M\000E\000N\000T\000\137\000L\000E\000F\000T}{subsection.6.2.3}% 46
\BOOKMARK [3][-]{subsubsection.6.2.3.2}{\376\377\0006\000.\0002\000.\0003\000.\0002\000\040\000A\000L\000I\000G\000N\000M\000E\000N\000T\000\137\000R\000I\000G\000H\000T}{subsection.6.2.3}% 47
\BOOKMARK [3][-]{subsubsection.6.2.3.3}{\376\377\0006\000.\0002\000.\0003\000.\0003\000\040\000D\000E\000F\000A\000U\000L\000T\000\137\000C\000O\000L\000U\000M\000N\000\137\000W\000I\000D\000T\000H}{subsection.6.2.3}% 48
\BOOKMARK [1][-]{section.6.3}{\376\377\0006\000.\0003\000\040\000t\000o\000p\000.\000m\000a\000i\000n\000T\000O\000P\000T\000W\000\040\000C\000l\000a\000s\000s\000\040\000R\000e\000f\000e\000r\000e\000n\000c\000e}{chapter.6}% 49
\BOOKMARK [2][-]{subsection.6.3.1}{\376\377\0006\000.\0003\000.\0001\000\040\000D\000e\000t\000a\000i\000l\000e\000d\000\040\000D\000e\000s\000c\000r\000i\000p\000t\000i\000o\000n}{section.6.3}% 50
\BOOKMARK [2][-]{subsection.6.3.2}{\376\377\0006\000.\0003\000.\0002\000\040\000M\000e\000m\000b\000e\000r\000\040\000F\000u\000n\000c\000t\000i\000o\000n\000\040\000D\000o\000c\000u\000m\000e\000n\000t\000a\000t\000i\000o\000n}{section.6.3}% 51
\BOOKMARK [3][-]{subsubsection.6.3.2.1}{\376\377\0006\000.\0003\000.\0002\000.\0001\000\040\000m\000a\000i\000n\000\050\000\051}{subsection.6.3.2}% 52
\BOOKMARK [1][-]{section.6.4}{\376\377\0006\000.\0004\000\040\000e\000s\000.\000u\000l\000l\000.\000e\000s\000i\000t\000.\000u\000t\000i\000l\000s\000.\000P\000a\000i\000r\000<\000\040\000F\000,\000\040\000S\000\040\000>\000\040\000C\000l\000a\000s\000s\000\040\000T\000e\000m\000p\000l\000a\000t\000e\000\040\000R\000e\000f\000e\000r\000e\000n\000c\000e}{chapter.6}% 53
\BOOKMARK [2][-]{subsection.6.4.1}{\376\377\0006\000.\0004\000.\0001\000\040\000D\000e\000t\000a\000i\000l\000e\000d\000\040\000D\000e\000s\000c\000r\000i\000p\000t\000i\000o\000n}{section.6.4}% 54
\BOOKMARK [2][-]{subsection.6.4.2}{\376\377\0006\000.\0004\000.\0002\000\040\000C\000o\000n\000s\000t\000r\000u\000c\000t\000o\000r\000\040\000\046\000\040\000D\000e\000s\000t\000r\000u\000c\000t\000o\000r\000\040\000D\000o\000c\000u\000m\000e\000n\000t\000a\000t\000i\000o\000n}{section.6.4}% 55
\BOOKMARK [3][-]{subsubsection.6.4.2.1}{\376\377\0006\000.\0004\000.\0002\000.\0001\000\040\000P\000a\000i\000r\000\050\000\051}{subsection.6.4.2}% 56
\BOOKMARK [2][-]{subsection.6.4.3}{\376\377\0006\000.\0004\000.\0003\000\040\000M\000e\000m\000b\000e\000r\000\040\000F\000u\000n\000c\000t\000i\000o\000n\000\040\000D\000o\000c\000u\000m\000e\000n\000t\000a\000t\000i\000o\000n}{section.6.4}% 57
\BOOKMARK [3][-]{subsubsection.6.4.3.1}{\376\377\0006\000.\0004\000.\0003\000.\0001\000\040\000c\000r\000e\000a\000t\000e\000\050\000\051}{subsection.6.4.3}% 58
\BOOKMARK [3][-]{subsubsection.6.4.3.2}{\376\377\0006\000.\0004\000.\0003\000.\0002\000\040\000e\000q\000u\000a\000l\000s\000\050\000\051}{subsection.6.4.3}% 59
\BOOKMARK [3][-]{subsubsection.6.4.3.3}{\376\377\0006\000.\0004\000.\0003\000.\0003\000\040\000h\000a\000s\000h\000C\000o\000d\000e\000\050\000\051}{subsection.6.4.3}% 60
\BOOKMARK [2][-]{subsection.6.4.4}{\376\377\0006\000.\0004\000.\0004\000\040\000M\000e\000m\000b\000e\000r\000\040\000D\000a\000t\000a\000\040\000D\000o\000c\000u\000m\000e\000n\000t\000a\000t\000i\000o\000n}{section.6.4}% 61
\BOOKMARK [3][-]{subsubsection.6.4.4.1}{\376\377\0006\000.\0004\000.\0004\000.\0001\000\040\000f\000i\000r\000s\000t}{subsection.6.4.4}% 62
\BOOKMARK [3][-]{subsubsection.6.4.4.2}{\376\377\0006\000.\0004\000.\0004\000.\0002\000\040\000s\000e\000c\000o\000n\000d}{subsection.6.4.4}% 63
\BOOKMARK [1][-]{section.6.5}{\376\377\0006\000.\0005\000\040\000e\000s\000.\000u\000l\000l\000.\000e\000s\000i\000t\000.\000u\000t\000i\000l\000i\000t\000i\000e\000s\000.\000P\000o\000w\000e\000r\000S\000e\000t\000<\000\040\000E\000\040\000>\000\040\000C\000l\000a\000s\000s\000\040\000T\000e\000m\000p\000l\000a\000t\000e\000\040\000R\000e\000f\000e\000r\000e\000n\000c\000e}{chapter.6}% 64
\BOOKMARK [2][-]{subsection.6.5.1}{\376\377\0006\000.\0005\000.\0001\000\040\000D\000e\000t\000a\000i\000l\000e\000d\000\040\000D\000e\000s\000c\000r\000i\000p\000t\000i\000o\000n}{section.6.5}% 65
\BOOKMARK [2][-]{subsection.6.5.2}{\376\377\0006\000.\0005\000.\0002\000\040\000C\000o\000n\000s\000t\000r\000u\000c\000t\000o\000r\000\040\000\046\000\040\000D\000e\000s\000t\000r\000u\000c\000t\000o\000r\000\040\000D\000o\000c\000u\000m\000e\000n\000t\000a\000t\000i\000o\000n}{section.6.5}% 66
\BOOKMARK [3][-]{subsubsection.6.5.2.1}{\376\377\0006\000.\0005\000.\0002\000.\0001\000\040\000P\000o\000w\000e\000r\000S\000e\000t\000\050\000\051}{subsection.6.5.2}% 67
\BOOKMARK [2][-]{subsection.6.5.3}{\376\377\0006\000.\0005\000.\0003\000\040\000M\000e\000m\000b\000e\000r\000\040\000F\000u\000n\000c\000t\000i\000o\000n\000\040\000D\000o\000c\000u\000m\000e\000n\000t\000a\000t\000i\000o\000n}{section.6.5}% 68
\BOOKMARK [3][-]{subsubsection.6.5.3.1}{\376\377\0006\000.\0005\000.\0003\000.\0001\000\040\000h\000a\000s\000N\000e\000x\000t\000\050\000\051}{subsection.6.5.3}% 69
\BOOKMARK [3][-]{subsubsection.6.5.3.2}{\376\377\0006\000.\0005\000.\0003\000.\0002\000\040\000i\000t\000e\000r\000a\000t\000o\000r\000\050\000\051}{subsection.6.5.3}% 70
\BOOKMARK [3][-]{subsubsection.6.5.3.3}{\376\377\0006\000.\0005\000.\0003\000.\0003\000\040\000n\000e\000x\000t\000\050\000\051}{subsection.6.5.3}% 71
\BOOKMARK [3][-]{subsubsection.6.5.3.4}{\376\377\0006\000.\0005\000.\0003\000.\0004\000\040\000r\000e\000m\000o\000v\000e\000\050\000\051}{subsection.6.5.3}% 72
\BOOKMARK [1][-]{section.6.6}{\376\377\0006\000.\0006\000\040\000t\000o\000p\000.\000T\000O\000P\000T\000W\000\040\000C\000l\000a\000s\000s\000\040\000R\000e\000f\000e\000r\000e\000n\000c\000e}{chapter.6}% 73
\BOOKMARK [2][-]{subsection.6.6.1}{\376\377\0006\000.\0006\000.\0001\000\040\000D\000e\000t\000a\000i\000l\000e\000d\000\040\000D\000e\000s\000c\000r\000i\000p\000t\000i\000o\000n}{section.6.6}% 74
\BOOKMARK [2][-]{subsection.6.6.2}{\376\377\0006\000.\0006\000.\0002\000\040\000C\000o\000n\000s\000t\000r\000u\000c\000t\000o\000r\000\040\000\046\000\040\000D\000e\000s\000t\000r\000u\000c\000t\000o\000r\000\040\000D\000o\000c\000u\000m\000e\000n\000t\000a\000t\000i\000o\000n}{section.6.6}% 75
\BOOKMARK [3][-]{subsubsection.6.6.2.1}{\376\377\0006\000.\0006\000.\0002\000.\0001\000\040\000T\000O\000P\000T\000W\000\050\000\051}{subsection.6.6.2}% 76
\BOOKMARK [2][-]{subsection.6.6.3}{\376\377\0006\000.\0006\000.\0003\000\040\000M\000e\000m\000b\000e\000r\000\040\000F\000u\000n\000c\000t\000i\000o\000n\000\040\000D\000o\000c\000u\000m\000e\000n\000t\000a\000t\000i\000o\000n}{section.6.6}% 77
\BOOKMARK [3][-]{subsubsection.6.6.3.1}{\376\377\0006\000.\0006\000.\0003\000.\0001\000\040\000a\000d\000d\000N\000o\000d\000e\000\050\000\051}{subsection.6.6.3}% 78
\BOOKMARK [3][-]{subsubsection.6.6.3.2}{\376\377\0006\000.\0006\000.\0003\000.\0002\000\040\000a\000d\000d\000N\000o\000d\000e\000D\000e\000p\000o\000t\000\050\000\051}{subsection.6.6.3}% 79
\BOOKMARK [3][-]{subsubsection.6.6.3.3}{\376\377\0006\000.\0006\000.\0003\000.\0003\000\040\000c\000a\000l\000c\000u\000l\000a\000t\000e\000D\000i\000s\000t\000a\000n\000c\000e\000M\000a\000t\000r\000i\000x\000\050\000\051}{subsection.6.6.3}% 80
\BOOKMARK [3][-]{subsubsection.6.6.3.4}{\376\377\0006\000.\0006\000.\0003\000.\0004\000\040\000g\000e\000t\000D\000i\000s\000t\000a\000n\000c\000e\000\050\000\051\000\040\000[\0001\000/\0004\000]}{subsection.6.6.3}% 81
\BOOKMARK [3][-]{subsubsection.6.6.3.5}{\376\377\0006\000.\0006\000.\0003\000.\0005\000\040\000g\000e\000t\000D\000i\000s\000t\000a\000n\000c\000e\000\050\000\051\000\040\000[\0002\000/\0004\000]}{subsection.6.6.3}% 82
\BOOKMARK [3][-]{subsubsection.6.6.3.6}{\376\377\0006\000.\0006\000.\0003\000.\0006\000\040\000g\000e\000t\000D\000i\000s\000t\000a\000n\000c\000e\000\050\000\051\000\040\000[\0003\000/\0004\000]}{subsection.6.6.3}% 83
\BOOKMARK [3][-]{subsubsection.6.6.3.7}{\376\377\0006\000.\0006\000.\0003\000.\0007\000\040\000g\000e\000t\000D\000i\000s\000t\000a\000n\000c\000e\000\050\000\051\000\040\000[\0004\000/\0004\000]}{subsection.6.6.3}% 84
\BOOKMARK [3][-]{subsubsection.6.6.3.8}{\376\377\0006\000.\0006\000.\0003\000.\0008\000\040\000g\000e\000t\000D\000u\000e\000T\000i\000m\000e\000\050\000\051}{subsection.6.6.3}% 85
\BOOKMARK [3][-]{subsubsection.6.6.3.9}{\376\377\0006\000.\0006\000.\0003\000.\0009\000\040\000g\000e\000t\000M\000a\000x\000R\000o\000u\000t\000e\000s\000\050\000\051}{subsection.6.6.3}% 86
\BOOKMARK [3][-]{subsubsection.6.6.3.10}{\376\377\0006\000.\0006\000.\0003\000.\0001\0000\000\040\000g\000e\000t\000M\000a\000x\000T\000i\000m\000e\000P\000e\000r\000R\000o\000u\000t\000e\000\050\000\051}{subsection.6.6.3}% 87
\BOOKMARK [3][-]{subsubsection.6.6.3.11}{\376\377\0006\000.\0006\000.\0003\000.\0001\0001\000\040\000g\000e\000t\000N\000o\000d\000e\000s\000\050\000\051}{subsection.6.6.3}% 88
\BOOKMARK [3][-]{subsubsection.6.6.3.12}{\376\377\0006\000.\0006\000.\0003\000.\0001\0002\000\040\000g\000e\000t\000P\000O\000I\000s\000\050\000\051}{subsection.6.6.3}% 89
\BOOKMARK [3][-]{subsubsection.6.6.3.13}{\376\377\0006\000.\0006\000.\0003\000.\0001\0003\000\040\000g\000e\000t\000R\000e\000a\000d\000y\000T\000i\000m\000e\000\050\000\051}{subsection.6.6.3}% 90
\BOOKMARK [3][-]{subsubsection.6.6.3.14}{\376\377\0006\000.\0006\000.\0003\000.\0001\0004\000\040\000g\000e\000t\000S\000c\000o\000r\000e\000\050\000\051\000\040\000[\0001\000/\0002\000]}{subsection.6.6.3}% 91
\BOOKMARK [3][-]{subsubsection.6.6.3.15}{\376\377\0006\000.\0006\000.\0003\000.\0001\0005\000\040\000g\000e\000t\000S\000c\000o\000r\000e\000\050\000\051\000\040\000[\0002\000/\0002\000]}{subsection.6.6.3}% 92
\BOOKMARK [3][-]{subsubsection.6.6.3.16}{\376\377\0006\000.\0006\000.\0003\000.\0001\0006\000\040\000g\000e\000t\000S\000e\000r\000v\000i\000c\000e\000T\000i\000m\000e\000\050\000\051}{subsection.6.6.3}% 93
\BOOKMARK [3][-]{subsubsection.6.6.3.17}{\376\377\0006\000.\0006\000.\0003\000.\0001\0007\000\040\000g\000e\000t\000T\000i\000m\000e\000\050\000\051}{subsection.6.6.3}% 94
\BOOKMARK [3][-]{subsubsection.6.6.3.18}{\376\377\0006\000.\0006\000.\0003\000.\0001\0008\000\040\000g\000e\000t\000V\000e\000h\000i\000c\000l\000e\000s\000\050\000\051}{subsection.6.6.3}% 95
\BOOKMARK [3][-]{subsubsection.6.6.3.19}{\376\377\0006\000.\0006\000.\0003\000.\0001\0009\000\040\000g\000e\000t\000X\000\050\000\051}{subsection.6.6.3}% 96
\BOOKMARK [3][-]{subsubsection.6.6.3.20}{\376\377\0006\000.\0006\000.\0003\000.\0002\0000\000\040\000g\000e\000t\000Y\000\050\000\051}{subsection.6.6.3}% 97
\BOOKMARK [3][-]{subsubsection.6.6.3.21}{\376\377\0006\000.\0006\000.\0003\000.\0002\0001\000\040\000i\000s\000D\000e\000p\000o\000t\000\050\000\051}{subsection.6.6.3}% 98
\BOOKMARK [3][-]{subsubsection.6.6.3.22}{\376\377\0006\000.\0006\000.\0003\000.\0002\0002\000\040\000s\000e\000t\000D\000u\000e\000T\000i\000m\000e\000\050\000\051}{subsection.6.6.3}% 99
\BOOKMARK [3][-]{subsubsection.6.6.3.23}{\376\377\0006\000.\0006\000.\0003\000.\0002\0003\000\040\000s\000e\000t\000M\000a\000x\000R\000o\000u\000t\000e\000s\000\050\000\051}{subsection.6.6.3}% 100
\BOOKMARK [3][-]{subsubsection.6.6.3.24}{\376\377\0006\000.\0006\000.\0003\000.\0002\0004\000\040\000s\000e\000t\000M\000a\000x\000T\000i\000m\000e\000P\000e\000r\000R\000o\000u\000t\000e\000\050\000\051}{subsection.6.6.3}% 101
\BOOKMARK [3][-]{subsubsection.6.6.3.25}{\376\377\0006\000.\0006\000.\0003\000.\0002\0005\000\040\000s\000e\000t\000N\000o\000d\000e\000s\000\050\000\051}{subsection.6.6.3}% 102
\BOOKMARK [3][-]{subsubsection.6.6.3.26}{\376\377\0006\000.\0006\000.\0003\000.\0002\0006\000\040\000s\000e\000t\000R\000e\000a\000d\000y\000T\000i\000m\000e\000\050\000\051}{subsection.6.6.3}% 103
\BOOKMARK [3][-]{subsubsection.6.6.3.27}{\376\377\0006\000.\0006\000.\0003\000.\0002\0007\000\040\000s\000e\000t\000S\000c\000o\000r\000e\000\050\000\051}{subsection.6.6.3}% 104
\BOOKMARK [3][-]{subsubsection.6.6.3.28}{\376\377\0006\000.\0006\000.\0003\000.\0002\0008\000\040\000s\000e\000t\000S\000e\000r\000v\000i\000c\000e\000T\000i\000m\000e\000\050\000\051}{subsection.6.6.3}% 105
\BOOKMARK [3][-]{subsubsection.6.6.3.29}{\376\377\0006\000.\0006\000.\0003\000.\0002\0009\000\040\000s\000e\000t\000X\000\050\000\051}{subsection.6.6.3}% 106
\BOOKMARK [3][-]{subsubsection.6.6.3.30}{\376\377\0006\000.\0006\000.\0003\000.\0003\0000\000\040\000s\000e\000t\000Y\000\050\000\051}{subsection.6.6.3}% 107
\BOOKMARK [3][-]{subsubsection.6.6.3.31}{\376\377\0006\000.\0006\000.\0003\000.\0003\0001\000\040\000t\000o\000S\000t\000r\000i\000n\000g\000\050\000\051}{subsection.6.6.3}% 108
\BOOKMARK [1][-]{section.6.7}{\376\377\0006\000.\0007\000\040\000t\000o\000p\000.\000T\000O\000P\000T\000W\000E\000v\000a\000l\000u\000a\000t\000o\000r\000\040\000C\000l\000a\000s\000s\000\040\000R\000e\000f\000e\000r\000e\000n\000c\000e}{chapter.6}% 109
\BOOKMARK [2][-]{subsection.6.7.1}{\376\377\0006\000.\0007\000.\0001\000\040\000D\000e\000t\000a\000i\000l\000e\000d\000\040\000D\000e\000s\000c\000r\000i\000p\000t\000i\000o\000n}{section.6.7}% 110
\BOOKMARK [2][-]{subsection.6.7.2}{\376\377\0006\000.\0007\000.\0002\000\040\000M\000e\000m\000b\000e\000r\000\040\000F\000u\000n\000c\000t\000i\000o\000n\000\040\000D\000o\000c\000u\000m\000e\000n\000t\000a\000t\000i\000o\000n}{section.6.7}% 111
\BOOKMARK [3][-]{subsubsection.6.7.2.1}{\376\377\0006\000.\0007\000.\0002\000.\0001\000\040\000e\000v\000a\000l\000u\000a\000t\000e\000\050\000\051}{subsection.6.7.2}% 112
\BOOKMARK [2][-]{subsection.6.7.3}{\376\377\0006\000.\0007\000.\0003\000\040\000M\000e\000m\000b\000e\000r\000\040\000D\000a\000t\000a\000\040\000D\000o\000c\000u\000m\000e\000n\000t\000a\000t\000i\000o\000n}{section.6.7}% 113
\BOOKMARK [3][-]{subsubsection.6.7.3.1}{\376\377\0006\000.\0007\000.\0003\000.\0001\000\040\000N\000O\000\137\000E\000V\000A\000L\000U\000A\000T\000E\000D}{subsection.6.7.3}% 114
\BOOKMARK [1][-]{section.6.8}{\376\377\0006\000.\0008\000\040\000t\000o\000p\000.\000T\000O\000P\000T\000W\000G\000R\000A\000S\000P\000\040\000C\000l\000a\000s\000s\000\040\000R\000e\000f\000e\000r\000e\000n\000c\000e}{chapter.6}% 115
\BOOKMARK [2][-]{subsection.6.8.1}{\376\377\0006\000.\0008\000.\0001\000\040\000D\000e\000t\000a\000i\000l\000e\000d\000\040\000D\000e\000s\000c\000r\000i\000p\000t\000i\000o\000n}{section.6.8}% 116
\BOOKMARK [2][-]{subsection.6.8.2}{\376\377\0006\000.\0008\000.\0002\000\040\000C\000o\000n\000s\000t\000r\000u\000c\000t\000o\000r\000\040\000\046\000\040\000D\000e\000s\000t\000r\000u\000c\000t\000o\000r\000\040\000D\000o\000c\000u\000m\000e\000n\000t\000a\000t\000i\000o\000n}{section.6.8}% 117
\BOOKMARK [3][-]{subsubsection.6.8.2.1}{\376\377\0006\000.\0008\000.\0002\000.\0001\000\040\000T\000O\000P\000T\000W\000G\000R\000A\000S\000P\000\050\000\051}{subsection.6.8.2}% 118
\BOOKMARK [2][-]{subsection.6.8.3}{\376\377\0006\000.\0008\000.\0003\000\040\000M\000e\000m\000b\000e\000r\000\040\000F\000u\000n\000c\000t\000i\000o\000n\000\040\000D\000o\000c\000u\000m\000e\000n\000t\000a\000t\000i\000o\000n}{section.6.8}% 119
\BOOKMARK [3][-]{subsubsection.6.8.3.1}{\376\377\0006\000.\0008\000.\0003\000.\0001\000\040\000a\000l\000e\000a\000t\000o\000r\000y\000S\000e\000l\000e\000c\000t\000i\000o\000n\000R\000C\000L\000\050\000\051}{subsection.6.8.3}% 120
\BOOKMARK [3][-]{subsubsection.6.8.3.2}{\376\377\0006\000.\0008\000.\0003\000.\0002\000\040\000c\000o\000m\000p\000r\000e\000h\000e\000n\000s\000i\000v\000e\000E\000v\000a\000l\000u\000a\000t\000i\000o\000n\000\050\000\051}{subsection.6.8.3}% 121
\BOOKMARK [3][-]{subsubsection.6.8.3.3}{\376\377\0006\000.\0008\000.\0003\000.\0003\000\040\000c\000o\000m\000p\000u\000t\000e\000G\000r\000e\000e\000d\000y\000S\000o\000l\000u\000t\000i\000o\000n\000\050\000\051}{subsection.6.8.3}% 122
\BOOKMARK [3][-]{subsubsection.6.8.3.4}{\376\377\0006\000.\0008\000.\0003\000.\0004\000\040\000f\000u\000z\000z\000y\000S\000e\000l\000e\000c\000t\000i\000o\000n\000A\000l\000p\000h\000a\000C\000u\000t\000R\000C\000L\000\050\000\051}{subsection.6.8.3}% 123
\BOOKMARK [3][-]{subsubsection.6.8.3.5}{\376\377\0006\000.\0008\000.\0003\000.\0005\000\040\000f\000u\000z\000z\000y\000S\000e\000l\000e\000c\000t\000i\000o\000n\000B\000e\000s\000t\000F\000D\000R\000C\000L\000\050\000\051}{subsection.6.8.3}% 124
\BOOKMARK [3][-]{subsubsection.6.8.3.6}{\376\377\0006\000.\0008\000.\0003\000.\0006\000\040\000g\000e\000t\000M\000a\000x\000S\000c\000o\000r\000e\000\050\000\051}{subsection.6.8.3}% 125
\BOOKMARK [3][-]{subsubsection.6.8.3.7}{\376\377\0006\000.\0008\000.\0003\000.\0007\000\040\000g\000e\000t\000S\000o\000l\000u\000t\000i\000o\000n\000\050\000\051}{subsection.6.8.3}% 126
\BOOKMARK [3][-]{subsubsection.6.8.3.8}{\376\377\0006\000.\0008\000.\0003\000.\0008\000\040\000g\000e\000t\000S\000o\000l\000u\000t\000i\000o\000n\000T\000i\000m\000e\000\050\000\051}{subsection.6.8.3}% 127
\BOOKMARK [3][-]{subsubsection.6.8.3.9}{\376\377\0006\000.\0008\000.\0003\000.\0009\000\040\000G\000R\000A\000S\000P\000\050\000\051}{subsection.6.8.3}% 128
\BOOKMARK [3][-]{subsubsection.6.8.3.10}{\376\377\0006\000.\0008\000.\0003\000.\0001\0000\000\040\000s\000e\000t\000S\000o\000l\000u\000t\000i\000o\000n\000\050\000\051}{subsection.6.8.3}% 129
\BOOKMARK [3][-]{subsubsection.6.8.3.11}{\376\377\0006\000.\0008\000.\0003\000.\0001\0001\000\040\000s\000e\000t\000S\000o\000l\000u\000t\000i\000o\000n\000T\000i\000m\000e\000\050\000\051}{subsection.6.8.3}% 130
\BOOKMARK [3][-]{subsubsection.6.8.3.12}{\376\377\0006\000.\0008\000.\0003\000.\0001\0002\000\040\000u\000p\000d\000a\000t\000e\000S\000o\000l\000u\000t\000i\000o\000n\000\050\000\051}{subsection.6.8.3}% 131
\BOOKMARK [2][-]{subsection.6.8.4}{\376\377\0006\000.\0008\000.\0004\000\040\000M\000e\000m\000b\000e\000r\000\040\000D\000a\000t\000a\000\040\000D\000o\000c\000u\000m\000e\000n\000t\000a\000t\000i\000o\000n}{section.6.8}% 132
\BOOKMARK [3][-]{subsubsection.6.8.4.1}{\376\377\0006\000.\0008\000.\0004\000.\0001\000\040\000N\000O\000\137\000E\000V\000A\000L\000U\000A\000T\000E\000D}{subsection.6.8.4}% 133
\BOOKMARK [1][-]{section.6.9}{\376\377\0006\000.\0009\000\040\000t\000o\000p\000.\000T\000O\000P\000T\000W\000R\000e\000a\000d\000e\000r\000\040\000C\000l\000a\000s\000s\000\040\000R\000e\000f\000e\000r\000e\000n\000c\000e}{chapter.6}% 134
\BOOKMARK [2][-]{subsection.6.9.1}{\376\377\0006\000.\0009\000.\0001\000\040\000D\000e\000t\000a\000i\000l\000e\000d\000\040\000D\000e\000s\000c\000r\000i\000p\000t\000i\000o\000n}{section.6.9}% 135
\BOOKMARK [2][-]{subsection.6.9.2}{\376\377\0006\000.\0009\000.\0002\000\040\000M\000e\000m\000b\000e\000r\000\040\000F\000u\000n\000c\000t\000i\000o\000n\000\040\000D\000o\000c\000u\000m\000e\000n\000t\000a\000t\000i\000o\000n}{section.6.9}% 136
\BOOKMARK [3][-]{subsubsection.6.9.2.1}{\376\377\0006\000.\0009\000.\0002\000.\0001\000\040\000r\000e\000a\000d\000P\000r\000o\000b\000l\000e\000m\000\050\000\051}{subsection.6.9.2}% 137
\BOOKMARK [1][-]{section.6.10}{\376\377\0006\000.\0001\0000\000\040\000t\000o\000p\000.\000T\000O\000P\000T\000W\000R\000o\000u\000t\000e\000\040\000C\000l\000a\000s\000s\000\040\000R\000e\000f\000e\000r\000e\000n\000c\000e}{chapter.6}% 138
\BOOKMARK [2][-]{subsection.6.10.1}{\376\377\0006\000.\0001\0000\000.\0001\000\040\000D\000e\000t\000a\000i\000l\000e\000d\000\040\000D\000e\000s\000c\000r\000i\000p\000t\000i\000o\000n}{section.6.10}% 139
\BOOKMARK [2][-]{subsection.6.10.2}{\376\377\0006\000.\0001\0000\000.\0002\000\040\000M\000e\000m\000b\000e\000r\000\040\000F\000u\000n\000c\000t\000i\000o\000n\000\040\000D\000o\000c\000u\000m\000e\000n\000t\000a\000t\000i\000o\000n}{section.6.10}% 140
\BOOKMARK [3][-]{subsubsection.6.10.2.1}{\376\377\0006\000.\0001\0000\000.\0002\000.\0001\000\040\000g\000e\000t\000I\000d\000\050\000\051}{subsection.6.10.2}% 141
\BOOKMARK [3][-]{subsubsection.6.10.2.2}{\376\377\0006\000.\0001\0000\000.\0002\000.\0002\000\040\000g\000e\000t\000P\000r\000e\000d\000e\000c\000c\000e\000s\000o\000r\000\050\000\051}{subsection.6.10.2}% 142
\BOOKMARK [3][-]{subsubsection.6.10.2.3}{\376\377\0006\000.\0001\0000\000.\0002\000.\0003\000\040\000g\000e\000t\000S\000u\000c\000c\000e\000s\000o\000r\000\050\000\051}{subsection.6.10.2}% 143
\BOOKMARK [3][-]{subsubsection.6.10.2.4}{\376\377\0006\000.\0001\0000\000.\0002\000.\0004\000\040\000s\000e\000t\000I\000d\000\050\000\051}{subsection.6.10.2}% 144
\BOOKMARK [3][-]{subsubsection.6.10.2.5}{\376\377\0006\000.\0001\0000\000.\0002\000.\0005\000\040\000s\000e\000t\000P\000r\000e\000d\000e\000c\000c\000e\000s\000o\000r\000\050\000\051}{subsection.6.10.2}% 145
\BOOKMARK [3][-]{subsubsection.6.10.2.6}{\376\377\0006\000.\0001\0000\000.\0002\000.\0006\000\040\000s\000e\000t\000S\000u\000c\000c\000e\000s\000o\000r\000\050\000\051}{subsection.6.10.2}% 146
\BOOKMARK [1][-]{section.6.11}{\376\377\0006\000.\0001\0001\000\040\000t\000o\000p\000.\000T\000O\000P\000T\000W\000S\000o\000l\000u\000t\000i\000o\000n\000\040\000C\000l\000a\000s\000s\000\040\000R\000e\000f\000e\000r\000e\000n\000c\000e}{chapter.6}% 147
\BOOKMARK [2][-]{subsection.6.11.1}{\376\377\0006\000.\0001\0001\000.\0001\000\040\000D\000e\000t\000a\000i\000l\000e\000d\000\040\000D\000e\000s\000c\000r\000i\000p\000t\000i\000o\000n}{section.6.11}% 148
\BOOKMARK [2][-]{subsection.6.11.2}{\376\377\0006\000.\0001\0001\000.\0002\000\040\000C\000o\000n\000s\000t\000r\000u\000c\000t\000o\000r\000\040\000\046\000\040\000D\000e\000s\000t\000r\000u\000c\000t\000o\000r\000\040\000D\000o\000c\000u\000m\000e\000n\000t\000a\000t\000i\000o\000n}{section.6.11}% 149
\BOOKMARK [3][-]{subsubsection.6.11.2.1}{\376\377\0006\000.\0001\0001\000.\0002\000.\0001\000\040\000T\000O\000P\000T\000W\000S\000o\000l\000u\000t\000i\000o\000n\000\050\000\051}{subsection.6.11.2}% 150
\BOOKMARK [2][-]{subsection.6.11.3}{\376\377\0006\000.\0001\0001\000.\0003\000\040\000M\000e\000m\000b\000e\000r\000\040\000F\000u\000n\000c\000t\000i\000o\000n\000\040\000D\000o\000c\000u\000m\000e\000n\000t\000a\000t\000i\000o\000n}{section.6.11}% 151
\BOOKMARK [3][-]{subsubsection.6.11.3.1}{\376\377\0006\000.\0001\0001\000.\0003\000.\0001\000\040\000a\000d\000d\000R\000o\000u\000t\000e\000\050\000\051}{subsection.6.11.3}% 152
\BOOKMARK [3][-]{subsubsection.6.11.3.2}{\376\377\0006\000.\0001\0001\000.\0003\000.\0002\000\040\000e\000q\000u\000a\000l\000s\000\050\000\051}{subsection.6.11.3}% 153
\BOOKMARK [3][-]{subsubsection.6.11.3.3}{\376\377\0006\000.\0001\0001\000.\0003\000.\0003\000\040\000e\000v\000a\000l\000u\000a\000t\000e\000F\000i\000t\000n\000e\000s\000s\000\050\000\051}{subsection.6.11.3}% 154
\BOOKMARK [3][-]{subsubsection.6.11.3.4}{\376\377\0006\000.\0001\0001\000.\0003\000.\0004\000\040\000g\000e\000t\000A\000v\000a\000i\000l\000a\000b\000l\000e\000V\000e\000h\000i\000c\000l\000e\000s\000\050\000\051}{subsection.6.11.3}% 155
\BOOKMARK [3][-]{subsubsection.6.11.3.5}{\376\377\0006\000.\0001\0001\000.\0003\000.\0005\000\040\000g\000e\000t\000C\000r\000e\000a\000t\000e\000d\000R\000o\000u\000t\000e\000s\000\050\000\051}{subsection.6.11.3}% 156
\BOOKMARK [3][-]{subsubsection.6.11.3.6}{\376\377\0006\000.\0001\0001\000.\0003\000.\0006\000\040\000g\000e\000t\000D\000i\000s\000t\000a\000n\000c\000e\000\050\000\051}{subsection.6.11.3}% 157
\BOOKMARK [3][-]{subsubsection.6.11.3.7}{\376\377\0006\000.\0001\0001\000.\0003\000.\0007\000\040\000g\000e\000t\000I\000n\000d\000e\000x\000R\000o\000u\000t\000e\000\050\000\051}{subsection.6.11.3}% 158
\BOOKMARK [3][-]{subsubsection.6.11.3.8}{\376\377\0006\000.\0001\0001\000.\0003\000.\0008\000\040\000g\000e\000t\000I\000n\000f\000o\000S\000o\000l\000u\000t\000i\000o\000n\000\050\000\051}{subsection.6.11.3}% 159
\BOOKMARK [3][-]{subsubsection.6.11.3.9}{\376\377\0006\000.\0001\0001\000.\0003\000.\0009\000\040\000g\000e\000t\000O\000b\000j\000e\000c\000t\000i\000v\000e\000F\000u\000n\000c\000t\000i\000o\000n\000V\000a\000l\000u\000e\000\050\000\051}{subsection.6.11.3}% 160
\BOOKMARK [3][-]{subsubsection.6.11.3.10}{\376\377\0006\000.\0001\0001\000.\0003\000.\0001\0000\000\040\000g\000e\000t\000P\000o\000s\000i\000t\000i\000o\000n\000I\000n\000R\000o\000u\000t\000e\000\050\000\051}{subsection.6.11.3}% 161
\BOOKMARK [3][-]{subsubsection.6.11.3.11}{\376\377\0006\000.\0001\0001\000.\0003\000.\0001\0001\000\040\000g\000e\000t\000P\000r\000e\000d\000e\000c\000e\000s\000s\000o\000r\000\050\000\051}{subsection.6.11.3}% 162
\BOOKMARK [3][-]{subsubsection.6.11.3.12}{\376\377\0006\000.\0001\0001\000.\0003\000.\0001\0002\000\040\000g\000e\000t\000P\000r\000e\000d\000e\000c\000e\000s\000s\000o\000r\000s\000\050\000\051}{subsection.6.11.3}% 163
\BOOKMARK [3][-]{subsubsection.6.11.3.13}{\376\377\0006\000.\0001\0001\000.\0003\000.\0001\0003\000\040\000g\000e\000t\000P\000r\000o\000b\000l\000e\000m\000\050\000\051}{subsection.6.11.3}% 164
\BOOKMARK [3][-]{subsubsection.6.11.3.14}{\376\377\0006\000.\0001\0001\000.\0003\000.\0001\0004\000\040\000g\000e\000t\000S\000u\000c\000c\000e\000s\000s\000o\000r\000\050\000\051}{subsection.6.11.3}% 165
\BOOKMARK [3][-]{subsubsection.6.11.3.15}{\376\377\0006\000.\0001\0001\000.\0003\000.\0001\0005\000\040\000g\000e\000t\000S\000u\000c\000c\000e\000s\000s\000o\000r\000s\000\050\000\051}{subsection.6.11.3}% 166
\BOOKMARK [3][-]{subsubsection.6.11.3.16}{\376\377\0006\000.\0001\0001\000.\0003\000.\0001\0006\000\040\000g\000e\000t\000W\000a\000i\000t\000i\000n\000g\000T\000i\000m\000e\000\050\000\051}{subsection.6.11.3}% 167
\BOOKMARK [3][-]{subsubsection.6.11.3.17}{\376\377\0006\000.\0001\0001\000.\0003\000.\0001\0007\000\040\000i\000n\000i\000t\000S\000o\000l\000u\000t\000i\000o\000n\000\050\000\051}{subsection.6.11.3}% 168
\BOOKMARK [3][-]{subsubsection.6.11.3.18}{\376\377\0006\000.\0001\0001\000.\0003\000.\0001\0008\000\040\000i\000s\000D\000e\000p\000o\000t\000\050\000\051}{subsection.6.11.3}% 169
\BOOKMARK [3][-]{subsubsection.6.11.3.19}{\376\377\0006\000.\0001\0001\000.\0003\000.\0001\0009\000\040\000p\000r\000i\000n\000t\000S\000o\000l\000u\000t\000i\000o\000n\000\050\000\051}{subsection.6.11.3}% 170
\BOOKMARK [3][-]{subsubsection.6.11.3.20}{\376\377\0006\000.\0001\0001\000.\0003\000.\0002\0000\000\040\000s\000e\000t\000A\000v\000a\000i\000l\000a\000b\000l\000e\000V\000e\000h\000i\000c\000l\000e\000s\000\050\000\051}{subsection.6.11.3}% 171
\BOOKMARK [3][-]{subsubsection.6.11.3.21}{\376\377\0006\000.\0001\0001\000.\0003\000.\0002\0001\000\040\000s\000e\000t\000O\000b\000j\000e\000c\000t\000i\000v\000e\000F\000u\000n\000c\000t\000i\000o\000n\000V\000a\000l\000u\000e\000\050\000\051}{subsection.6.11.3}% 172
\BOOKMARK [3][-]{subsubsection.6.11.3.22}{\376\377\0006\000.\0001\0001\000.\0003\000.\0002\0002\000\040\000s\000e\000t\000P\000o\000s\000i\000t\000i\000o\000n\000I\000n\000R\000o\000u\000t\000e\000\050\000\051}{subsection.6.11.3}% 173
\BOOKMARK [3][-]{subsubsection.6.11.3.23}{\376\377\0006\000.\0001\0001\000.\0003\000.\0002\0003\000\040\000s\000e\000t\000P\000r\000e\000d\000e\000c\000e\000s\000s\000o\000r\000\050\000\051}{subsection.6.11.3}% 174
\BOOKMARK [3][-]{subsubsection.6.11.3.24}{\376\377\0006\000.\0001\0001\000.\0003\000.\0002\0004\000\040\000s\000e\000t\000S\000u\000c\000c\000e\000s\000s\000o\000r\000\050\000\051}{subsection.6.11.3}% 175
\BOOKMARK [3][-]{subsubsection.6.11.3.25}{\376\377\0006\000.\0001\0001\000.\0003\000.\0002\0005\000\040\000s\000e\000t\000W\000a\000i\000t\000i\000n\000g\000T\000i\000m\000e\000\050\000\051}{subsection.6.11.3}% 176
\BOOKMARK [2][-]{subsection.6.11.4}{\376\377\0006\000.\0001\0001\000.\0004\000\040\000M\000e\000m\000b\000e\000r\000\040\000D\000a\000t\000a\000\040\000D\000o\000c\000u\000m\000e\000n\000t\000a\000t\000i\000o\000n}{section.6.11}% 177
\BOOKMARK [3][-]{subsubsection.6.11.4.1}{\376\377\0006\000.\0001\0001\000.\0004\000.\0001\000\040\000N\000O\000\137\000I\000N\000I\000T\000I\000A\000L\000I\000Z\000E\000D}{subsection.6.11.4}% 178
\BOOKMARK [0][-]{chapter.7}{\376\377\0007\000\040\000F\000i\000l\000e\000\040\000D\000o\000c\000u\000m\000e\000n\000t\000a\000t\000i\000o\000n}{}% 179
\BOOKMARK [1][-]{section.7.1}{\376\377\0007\000.\0001\000\040\000s\000r\000c\000/\000m\000a\000i\000n\000/\000j\000a\000v\000a\000/\000e\000s\000/\000u\000l\000l\000/\000e\000s\000i\000t\000/\000u\000t\000i\000l\000i\000t\000i\000e\000s\000/\000B\000e\000l\000l\000m\000a\000n\000F\000o\000r\000d\000.\000j\000a\000v\000a\000\040\000F\000i\000l\000e\000\040\000R\000e\000f\000e\000r\000e\000n\000c\000e}{chapter.7}% 180
\BOOKMARK [1][-]{section.7.2}{\376\377\0007\000.\0002\000\040\000B\000e\000l\000l\000m\000a\000n\000F\000o\000r\000d\000.\000j\000a\000v\000a}{chapter.7}% 181
\BOOKMARK [1][-]{section.7.3}{\376\377\0007\000.\0003\000\040\000s\000r\000c\000/\000m\000a\000i\000n\000/\000j\000a\000v\000a\000/\000e\000s\000/\000u\000l\000l\000/\000e\000s\000i\000t\000/\000u\000t\000i\000l\000i\000t\000i\000e\000s\000/\000E\000x\000p\000o\000s\000i\000t\000o\000U\000t\000i\000l\000i\000t\000i\000e\000s\000.\000j\000a\000v\000a\000\040\000F\000i\000l\000e\000\040\000R\000e\000f\000e\000r\000e\000n\000c\000e}{chapter.7}% 182
\BOOKMARK [1][-]{section.7.4}{\376\377\0007\000.\0004\000\040\000E\000x\000p\000o\000s\000i\000t\000o\000U\000t\000i\000l\000i\000t\000i\000e\000s\000.\000j\000a\000v\000a}{chapter.7}% 183
\BOOKMARK [1][-]{section.7.5}{\376\377\0007\000.\0005\000\040\000s\000r\000c\000/\000m\000a\000i\000n\000/\000j\000a\000v\000a\000/\000e\000s\000/\000u\000l\000l\000/\000e\000s\000i\000t\000/\000u\000t\000i\000l\000i\000t\000i\000e\000s\000/\000P\000o\000w\000e\000r\000S\000e\000t\000.\000j\000a\000v\000a\000\040\000F\000i\000l\000e\000\040\000R\000e\000f\000e\000r\000e\000n\000c\000e}{chapter.7}% 184
\BOOKMARK [1][-]{section.7.6}{\376\377\0007\000.\0006\000\040\000P\000o\000w\000e\000r\000S\000e\000t\000.\000j\000a\000v\000a}{chapter.7}% 185
\BOOKMARK [1][-]{section.7.7}{\376\377\0007\000.\0007\000\040\000s\000r\000c\000/\000m\000a\000i\000n\000/\000j\000a\000v\000a\000/\000e\000s\000/\000u\000l\000l\000/\000e\000s\000i\000t\000/\000u\000t\000i\000l\000s\000/\000P\000a\000i\000r\000.\000j\000a\000v\000a\000\040\000F\000i\000l\000e\000\040\000R\000e\000f\000e\000r\000e\000n\000c\000e}{chapter.7}% 186
\BOOKMARK [1][-]{section.7.8}{\376\377\0007\000.\0008\000\040\000P\000a\000i\000r\000.\000j\000a\000v\000a}{chapter.7}% 187
\BOOKMARK [1][-]{section.7.9}{\376\377\0007\000.\0009\000\040\000s\000r\000c\000/\000m\000a\000i\000n\000/\000j\000a\000v\000a\000/\000t\000o\000p\000/\000m\000a\000i\000n\000T\000O\000P\000T\000W\000.\000j\000a\000v\000a\000\040\000F\000i\000l\000e\000\040\000R\000e\000f\000e\000r\000e\000n\000c\000e}{chapter.7}% 188
\BOOKMARK [1][-]{section.7.10}{\376\377\0007\000.\0001\0000\000\040\000m\000a\000i\000n\000T\000O\000P\000T\000W\000.\000j\000a\000v\000a}{chapter.7}% 189
\BOOKMARK [1][-]{section.7.11}{\376\377\0007\000.\0001\0001\000\040\000s\000r\000c\000/\000m\000a\000i\000n\000/\000j\000a\000v\000a\000/\000t\000o\000p\000/\000T\000O\000P\000T\000W\000.\000j\000a\000v\000a\000\040\000F\000i\000l\000e\000\040\000R\000e\000f\000e\000r\000e\000n\000c\000e}{chapter.7}% 190
\BOOKMARK [1][-]{section.7.12}{\376\377\0007\000.\0001\0002\000\040\000T\000O\000P\000T\000W\000.\000j\000a\000v\000a}{chapter.7}% 191
\BOOKMARK [1][-]{section.7.13}{\376\377\0007\000.\0001\0003\000\040\000s\000r\000c\000/\000m\000a\000i\000n\000/\000j\000a\000v\000a\000/\000t\000o\000p\000/\000T\000O\000P\000T\000W\000E\000v\000a\000l\000u\000a\000t\000o\000r\000.\000j\000a\000v\000a\000\040\000F\000i\000l\000e\000\040\000R\000e\000f\000e\000r\000e\000n\000c\000e}{chapter.7}% 192
\BOOKMARK [1][-]{section.7.14}{\376\377\0007\000.\0001\0004\000\040\000T\000O\000P\000T\000W\000E\000v\000a\000l\000u\000a\000t\000o\000r\000.\000j\000a\000v\000a}{chapter.7}% 193
\BOOKMARK [1][-]{section.7.15}{\376\377\0007\000.\0001\0005\000\040\000s\000r\000c\000/\000m\000a\000i\000n\000/\000j\000a\000v\000a\000/\000t\000o\000p\000/\000T\000O\000P\000T\000W\000G\000R\000A\000S\000P\000.\000j\000a\000v\000a\000\040\000F\000i\000l\000e\000\040\000R\000e\000f\000e\000r\000e\000n\000c\000e}{chapter.7}% 194
\BOOKMARK [1][-]{section.7.16}{\376\377\0007\000.\0001\0006\000\040\000T\000O\000P\000T\000W\000G\000R\000A\000S\000P\000.\000j\000a\000v\000a}{chapter.7}% 195
\BOOKMARK [1][-]{section.7.17}{\376\377\0007\000.\0001\0007\000\040\000s\000r\000c\000/\000m\000a\000i\000n\000/\000j\000a\000v\000a\000/\000t\000o\000p\000/\000T\000O\000P\000T\000W\000R\000e\000a\000d\000e\000r\000.\000j\000a\000v\000a\000\040\000F\000i\000l\000e\000\040\000R\000e\000f\000e\000r\000e\000n\000c\000e}{chapter.7}% 196
\BOOKMARK [1][-]{section.7.18}{\376\377\0007\000.\0001\0008\000\040\000T\000O\000P\000T\000W\000R\000e\000a\000d\000e\000r\000.\000j\000a\000v\000a}{chapter.7}% 197
\BOOKMARK [1][-]{section.7.19}{\376\377\0007\000.\0001\0009\000\040\000s\000r\000c\000/\000m\000a\000i\000n\000/\000j\000a\000v\000a\000/\000t\000o\000p\000/\000T\000O\000P\000T\000W\000R\000o\000u\000t\000e\000.\000j\000a\000v\000a\000\040\000F\000i\000l\000e\000\040\000R\000e\000f\000e\000r\000e\000n\000c\000e}{chapter.7}% 198
\BOOKMARK [1][-]{section.7.20}{\376\377\0007\000.\0002\0000\000\040\000T\000O\000P\000T\000W\000R\000o\000u\000t\000e\000.\000j\000a\000v\000a}{chapter.7}% 199
\BOOKMARK [1][-]{section.7.21}{\376\377\0007\000.\0002\0001\000\040\000s\000r\000c\000/\000m\000a\000i\000n\000/\000j\000a\000v\000a\000/\000t\000o\000p\000/\000T\000O\000P\000T\000W\000S\000o\000l\000u\000t\000i\000o\000n\000.\000j\000a\000v\000a\000\040\000F\000i\000l\000e\000\040\000R\000e\000f\000e\000r\000e\000n\000c\000e}{chapter.7}% 200
\BOOKMARK [1][-]{section.7.22}{\376\377\0007\000.\0002\0002\000\040\000T\000O\000P\000T\000W\000S\000o\000l\000u\000t\000i\000o\000n\000.\000j\000a\000v\000a}{chapter.7}% 201
\BOOKMARK [0][-]{section*.43}{\376\377\000I\000n\000d\000e\000x}{}% 202
